<?xml version="1.0" encoding="UTF-8"?>
<testsuite name="com.tests.SearchByKeywordTest" time="0.479" tests="3" errors="2" skipped="1" failures="0">
  <properties>
[...]
</properties>
  <testcase name="searching_by_keyword_banana_should_display_the_corresponding_article" classname="com.tests.SearchByKeywordTest" time="0.379">
    <error message="Could not instantiate new webdriver instance of type class org.openqa.selenium.chrome.ChromeDriver (The path to the chromedriver driver executable must be set by the webdriver.chrome.driver system property; for more information, see https://sites.google.com/a/chromium.org/chromedriver/downloads. The latest version can be downloaded from https://sites.google.com/a/chromium.org/chromedriver/downloads" type="net.thucydides.core.webdriver.UnsupportedDriverException">net.thucydides.core.webdriver.UnsupportedDriverException: Could not instantiate new webdriver instance of type class org.openqa.selenium.chrome.ChromeDriver (The path to the chromedriver driver executable must be set by the webdriver.chrome.driver system property; for more information, see https://sites.google.com/a/chromium.org/chromedriver/downloads. The latest version can be downloaded from https://sites.google.com/a/chromium.org/chromedriver/downloads
	at com.serenity.pages.AbstractPage.navigateTo(AbstractPage.java:12)
	at com.serenity.steps.AbstractSteps.navigateTo(AbstractSteps.java:15)
	at com.tests.SearchByKeywordTest.searching_by_keyword_banana_should_display_the_corresponding_article(SearchByKeywordTest.java:32)
</error>
    <system-out><![CDATA[src/test/resources/drivers/chromedriverlinux64
http://en.wiktionary.org/wiki/Wiktionary:Main_Page
]]></system-out>
    <system-err><![CDATA[[main] INFO net.thucydides.core.util.PropertiesFileLocalPreferences - serenity.test.root=com.features
[main] INFO net.thucydides.core.util.PropertiesFileLocalPreferences - serenity.project.name=Demo Project using Serenity and JUnit
[main] INFO net.serenitybdd.core.Serenity - 

-------------------------------------------------------------------------------------
     _______. _______ .______       _______ .__   __.  __  .___________.____    ____ 
    /       ||   ____||   _  \     |   ____||  \ |  | |  | |           |\   \  /   / 
   |   (----`|  |__   |  |_)  |    |  |__   |   \|  | |  | `---|  |----` \   \/   /  
    \   \    |   __|  |      /     |   __|  |  . `  | |  |     |  |       \_    _/   
.----)   |   |  |____ |  |\  \----.|  |____ |  |\   | |  |     |  |         |  |     
|_______/    |_______|| _| `._____||_______||__| \__| |__|     |__|         |__|    
-------------------------------------------------------------------------------------

[main] INFO net.serenitybdd.core.Serenity - PREPARING TO EXECUTE 0 TESTS
[main] INFO net.serenitybdd.core.Serenity - Test Suite Started: Search by keyword test
[main] INFO net.serenitybdd.core.Serenity - 
 _____ _____ ____ _____   ____ _____  _    ____ _____ _____ ____  
|_   _| ____/ ___|_   _| / ___|_   _|/ \  |  _ \_   _| ____|  _ \ 
  | | |  _| \___ \ | |   \___ \ | | / _ \ | |_) || | |  _| | | | |
  | | | |___ ___) || |    ___) || |/ ___ \|  _ < | | | |___| |_| |
  |_| |_____|____/ |_|   |____/ |_/_/   \_\_| \_\|_| |_____|____/ 
                                                                  

TEST STARTED: searching_by_keyword_banana_should_display_the_corresponding_article
-------------------------------------------------------------------
[main] INFO net.serenitybdd.core.Serenity - TEST NUMBER: 1
[main] ERROR net.thucydides.core.webdriver.WebDriverFacade - FAILED TO CREATE NEW WEBDRIVER_DRIVER INSTANCE class org.openqa.selenium.chrome.ChromeDriver: Could not instantiate new webdriver instance of type class org.openqa.selenium.chrome.ChromeDriver (The path to the chromedriver driver executable must be set by the webdriver.chrome.driver system property; for more information, see https://sites.google.com/a/chromium.org/chromedriver/downloads. The latest version can be downloaded from https://sites.google.com/a/chromium.org/chromedriver/downloads
net.thucydides.core.webdriver.UnsupportedDriverException: Could not instantiate new webdriver instance of type class org.openqa.selenium.chrome.ChromeDriver (The path to the chromedriver driver executable must be set by the webdriver.chrome.driver system property; for more information, see https://sites.google.com/a/chromium.org/chromedriver/downloads. The latest version can be downloaded from https://sites.google.com/a/chromium.org/chromedriver/downloads
	at net.thucydides.core.webdriver.WebDriverFactory.newWebdriverInstance(WebDriverFactory.java:135)
	at net.thucydides.core.webdriver.WebDriverFacade.newDriverInstance(WebDriverFacade.java:144)
	at net.thucydides.core.webdriver.WebDriverFacade.newProxyDriver(WebDriverFacade.java:135)
	at net.thucydides.core.webdriver.WebDriverFacade.getProxiedDriver(WebDriverFacade.java:105)
	at net.thucydides.core.webdriver.WebDriverFacade.openIgnoringHtmlUnitScriptErrors(WebDriverFacade.java:180)
	at net.thucydides.core.webdriver.WebDriverFacade.get(WebDriverFacade.java:175)
	at com.serenity.pages.AbstractPage.navigateTo(AbstractPage.java:12)
	at com.serenity.steps.AbstractSteps.navigateTo(AbstractSteps.java:15)
	at com.serenity.steps.EndUserSteps$$EnhancerByCGLIB$$84d7085f.CGLIB$navigateTo$4(<generated>)
	at com.serenity.steps.EndUserSteps$$EnhancerByCGLIB$$84d7085f$$FastClassByCGLIB$$5467654a.invoke(<generated>)
	at net.sf.cglib.proxy.MethodProxy.invokeSuper(MethodProxy.java:228)
	at net.thucydides.core.steps.StepInterceptor.invokeMethod(StepInterceptor.java:372)
	at net.thucydides.core.steps.StepInterceptor.executeTestStepMethod(StepInterceptor.java:357)
	at net.thucydides.core.steps.StepInterceptor.runTestStep(StepInterceptor.java:332)
	at net.thucydides.core.steps.StepInterceptor.testStepResult(StepInterceptor.java:134)
	at net.thucydides.core.steps.StepInterceptor.intercept(StepInterceptor.java:61)
	at com.serenity.steps.EndUserSteps$$EnhancerByCGLIB$$84d7085f.navigateTo(<generated>)
	at com.tests.SearchByKeywordTest.searching_by_keyword_banana_should_display_the_corresponding_article(SearchByKeywordTest.java:32)
	at sun.reflect.NativeMethodAccessorImpl.invoke0(Native Method)
	at sun.reflect.NativeMethodAccessorImpl.invoke(NativeMethodAccessorImpl.java:62)
	at sun.reflect.DelegatingMethodAccessorImpl.invoke(DelegatingMethodAccessorImpl.java:43)
	at java.lang.reflect.Method.invoke(Method.java:498)
	at org.junit.runners.model.FrameworkMethod$1.runReflectiveCall(FrameworkMethod.java:50)
	at org.junit.internal.runners.model.ReflectiveCallable.run(ReflectiveCallable.java:12)
	at org.junit.runners.model.FrameworkMethod.invokeExplosively(FrameworkMethod.java:47)
	at org.junit.internal.runners.statements.InvokeMethod.evaluate(InvokeMethod.java:17)
	at net.serenitybdd.junit.runners.SerenityStatement.evaluate(SerenityStatement.java:24)
	at org.junit.internal.runners.statements.RunBefores.evaluate(RunBefores.java:26)
	at org.junit.runners.ParentRunner.runLeaf(ParentRunner.java:325)
	at org.junit.runners.BlockJUnit4ClassRunner.runChild(BlockJUnit4ClassRunner.java:78)
	at net.serenitybdd.junit.runners.SerenityRunner.performRunChild(SerenityRunner.java:460)
	at net.serenitybdd.junit.runners.SerenityRunner.runChild(SerenityRunner.java:433)
	at net.serenitybdd.junit.runners.SerenityRunner.runChild(SerenityRunner.java:53)
	at org.junit.runners.ParentRunner$3.run(ParentRunner.java:290)
	at org.junit.runners.ParentRunner$1.schedule(ParentRunner.java:71)
	at org.junit.runners.ParentRunner.runChildren(ParentRunner.java:288)
	at org.junit.runners.ParentRunner.access$000(ParentRunner.java:58)
	at org.junit.runners.ParentRunner$2.evaluate(ParentRunner.java:268)
	at org.junit.runners.ParentRunner.run(ParentRunner.java:363)
	at net.serenitybdd.junit.runners.SerenityRunner.run(SerenityRunner.java:248)
	at org.apache.maven.surefire.junit4.JUnit4Provider.execute(JUnit4Provider.java:283)
	at org.apache.maven.surefire.junit4.JUnit4Provider.executeWithRerun(JUnit4Provider.java:173)
	at org.apache.maven.surefire.junit4.JUnit4Provider.executeTestSet(JUnit4Provider.java:153)
	at org.apache.maven.surefire.junit4.JUnit4Provider.invoke(JUnit4Provider.java:128)
	at org.apache.maven.surefire.booter.ForkedBooter.invokeProviderInSameClassLoader(ForkedBooter.java:203)
	at org.apache.maven.surefire.booter.ForkedBooter.runSuitesInProcess(ForkedBooter.java:155)
	at org.apache.maven.surefire.booter.ForkedBooter.main(ForkedBooter.java:103)
Caused by: java.lang.IllegalStateException: The path to the chromedriver driver executable must be set by the webdriver.chrome.driver system property; for more information, see https://sites.google.com/a/chromium.org/chromedriver/downloads. The latest version can be downloaded from https://sites.google.com/a/chromium.org/chromedriver/downloads
	at com.google.common.base.Preconditions.checkState(Preconditions.java:199)
	at net.serenitybdd.core.webdriver.servicepools.DriverServiceExecutable.checkForMissingBinaries(DriverServiceExecutable.java:106)
	at net.serenitybdd.core.webdriver.servicepools.DriverServiceExecutable.asAFile(DriverServiceExecutable.java:98)
	at net.serenitybdd.core.webdriver.servicepools.ChromeServicePool.chromeDriverExecutable(ChromeServicePool.java:44)
	at net.serenitybdd.core.webdriver.servicepools.ChromeServicePool.newDriverService(ChromeServicePool.java:25)
	at net.serenitybdd.core.webdriver.servicepools.ChromeServicePool.newDriverService(ChromeServicePool.java:12)
	at net.serenitybdd.core.webdriver.servicepools.DriverServicePool.driverServiceWithName(DriverServicePool.java:54)
	at net.serenitybdd.core.webdriver.servicepools.DriverServicePool.getDriverService(DriverServicePool.java:45)
	at net.serenitybdd.core.webdriver.servicepools.DriverServicePool.start(DriverServicePool.java:60)
	at net.serenitybdd.core.webdriver.servicepools.DriverServicePool.ensureServiceIsRunning(DriverServicePool.java:86)
	at net.serenitybdd.core.webdriver.driverproviders.ChromeDriverProvider.getDriverServicePool(ChromeDriverProvider.java:29)
	at net.serenitybdd.core.webdriver.driverproviders.ChromeDriverProvider.newInstance(ChromeDriverProvider.java:48)
	at net.thucydides.core.webdriver.WebDriverFactory.newWebdriverInstance(WebDriverFactory.java:125)
	... 46 more
]]></system-err>
  </testcase>
  <testcase name="searching_by_ambiguious_keyword_should_display_the_disambiguation_page" classname="com.tests.SearchByKeywordTest" time="0">
    <skipped/>
    <system-err><![CDATA[[main] ERROR net.serenitybdd.core.Serenity - 
           __  _____ _____ ____ _____   _____ _    ___ _     _____ ____  
  _       / / |_   _| ____/ ___|_   _| |  ___/ \  |_ _| |   | ____|  _ \ 
 (_)_____| |    | | |  _| \___ \ | |   | |_ / _ \  | || |   |  _| | | | |
  _|_____| |    | | | |___ ___) || |   |  _/ ___ \ | || |___| |___| |_| |
 (_)     | |    |_| |_____|____/ |_|   |_|/_/   \_\___|_____|_____|____/ 
          \_\                                                            

TEST FAILED WITH ERROR: Searching by keyword banana should display the corresponding article
---------------------------------------------------------------------
[main] ERROR net.serenitybdd.core.Serenity - TEST FAILED AT STEP Navigate to: http://en.wiktionary.org/wiki/Wiktionary:Main_Page
[main] ERROR net.serenitybdd.core.Serenity - Could not instantiate class org.openqa.selenium.chrome.ChromeDriver
[main] INFO net.serenitybdd.core.Serenity - 
 _____ _____ ____ _____   ____ _____  _    ____ _____ _____ ____  
|_   _| ____/ ___|_   _| / ___|_   _|/ \  |  _ \_   _| ____|  _ \ 
  | | |  _| \___ \ | |   \___ \ | | / _ \ | |_) || | |  _| | | | |
  | | | |___ ___) || |    ___) || |/ ___ \|  _ < | | | |___| |_| |
  |_| |_____|____/ |_|   |____/ |_/_/   \_\_| \_\|_| |_____|____/ 
                                                                  

TEST STARTED: searching_by_ambiguious_keyword_should_display_the_disambiguation_page
-------------------------------------------------------------------
[main] INFO net.serenitybdd.core.Serenity - TEST NUMBER: 2
[main] INFO net.serenitybdd.core.Serenity - TEST PENDING
[main] INFO net.serenitybdd.core.Serenity - 
          __  _____ _____ ____ _____   ____  _____ _   _ ____ ___ _   _  ____ 
 _       / / |_   _| ____/ ___|_   _| |  _ \| ____| \ | |  _ \_ _| \ | |/ ___|
(_)____ / /    | | |  _| \___ \ | |   | |_) |  _| |  \| | | | | ||  \| | |  _ 
 |_____/ /     | | | |___ ___) || |   |  __/| |___| |\  | |_| | || |\  | |_| |
(_)   /_/      |_| |_____|____/ |_|   |_|   |_____|_| \_|____/___|_| \_|\____|
                                                                                

TEST PENDING: Searching by ambiguious keyword should display the disambiguation page
---------------------------------------------------------------------------------
]]></system-err>
  </testcase>
  <testcase name="searching_by_keyword_apple_should_display_the_corresponding_article" classname="com.tests.SearchByKeywordTest" time="0.1">
    <error message="Could not instantiate new webdriver instance of type class org.openqa.selenium.chrome.ChromeDriver (The path to the chromedriver driver executable must be set by the webdriver.chrome.driver system property; for more information, see https://sites.google.com/a/chromium.org/chromedriver/downloads. The latest version can be downloaded from https://sites.google.com/a/chromium.org/chromedriver/downloads" type="net.thucydides.core.webdriver.UnsupportedDriverException">net.thucydides.core.webdriver.UnsupportedDriverException: Could not instantiate new webdriver instance of type class org.openqa.selenium.chrome.ChromeDriver (The path to the chromedriver driver executable must be set by the webdriver.chrome.driver system property; for more information, see https://sites.google.com/a/chromium.org/chromedriver/downloads. The latest version can be downloaded from https://sites.google.com/a/chromium.org/chromedriver/downloads
	at com.serenity.pages.AbstractPage.navigateTo(AbstractPage.java:12)
	at com.serenity.steps.AbstractSteps.navigateTo(AbstractSteps.java:15)
	at com.tests.SearchByKeywordTest.searching_by_keyword_apple_should_display_the_corresponding_article(SearchByKeywordTest.java:24)
</error>
    <system-out><![CDATA[src/test/resources/drivers/chromedriverlinux64
http://en.wiktionary.org/wiki/Wiktionary:Main_Page
]]></system-out>
    <system-err><![CDATA[[main] INFO net.serenitybdd.core.Serenity - TEST IGNORED
[main] INFO net.serenitybdd.core.Serenity - 
 _____ _____ ____ _____   ____ _____  _    ____ _____ _____ ____  
|_   _| ____/ ___|_   _| / ___|_   _|/ \  |  _ \_   _| ____|  _ \ 
  | | |  _| \___ \ | |   \___ \ | | / _ \ | |_) || | |  _| | | | |
  | | | |___ ___) || |    ___) || |/ ___ \|  _ < | | | |___| |_| |
  |_| |_____|____/ |_|   |____/ |_/_/   \_\_| \_\|_| |_____|____/ 
                                                                  

TEST STARTED: searching_by_keyword_apple_should_display_the_corresponding_article
-------------------------------------------------------------------
[main] INFO net.serenitybdd.core.Serenity - TEST NUMBER: 3
[main] ERROR net.thucydides.core.webdriver.WebDriverFacade - FAILED TO CREATE NEW WEBDRIVER_DRIVER INSTANCE class org.openqa.selenium.chrome.ChromeDriver: Could not instantiate new webdriver instance of type class org.openqa.selenium.chrome.ChromeDriver (The path to the chromedriver driver executable must be set by the webdriver.chrome.driver system property; for more information, see https://sites.google.com/a/chromium.org/chromedriver/downloads. The latest version can be downloaded from https://sites.google.com/a/chromium.org/chromedriver/downloads
net.thucydides.core.webdriver.UnsupportedDriverException: Could not instantiate new webdriver instance of type class org.openqa.selenium.chrome.ChromeDriver (The path to the chromedriver driver executable must be set by the webdriver.chrome.driver system property; for more information, see https://sites.google.com/a/chromium.org/chromedriver/downloads. The latest version can be downloaded from https://sites.google.com/a/chromium.org/chromedriver/downloads
	at net.thucydides.core.webdriver.WebDriverFactory.newWebdriverInstance(WebDriverFactory.java:135)
	at net.thucydides.core.webdriver.WebDriverFacade.newDriverInstance(WebDriverFacade.java:144)
	at net.thucydides.core.webdriver.WebDriverFacade.newProxyDriver(WebDriverFacade.java:135)
	at net.thucydides.core.webdriver.WebDriverFacade.getProxiedDriver(WebDriverFacade.java:105)
	at net.thucydides.core.webdriver.WebDriverFacade.openIgnoringHtmlUnitScriptErrors(WebDriverFacade.java:180)
	at net.thucydides.core.webdriver.WebDriverFacade.get(WebDriverFacade.java:175)
	at com.serenity.pages.AbstractPage.navigateTo(AbstractPage.java:12)
	at com.serenity.steps.AbstractSteps.navigateTo(AbstractSteps.java:15)
	at com.serenity.steps.EndUserSteps$$EnhancerByCGLIB$$84d7085f.CGLIB$navigateTo$4(<generated>)
	at com.serenity.steps.EndUserSteps$$EnhancerByCGLIB$$84d7085f$$FastClassByCGLIB$$5467654a.invoke(<generated>)
	at net.sf.cglib.proxy.MethodProxy.invokeSuper(MethodProxy.java:228)
	at net.thucydides.core.steps.StepInterceptor.invokeMethod(StepInterceptor.java:372)
	at net.thucydides.core.steps.StepInterceptor.executeTestStepMethod(StepInterceptor.java:357)
	at net.thucydides.core.steps.StepInterceptor.runTestStep(StepInterceptor.java:332)
	at net.thucydides.core.steps.StepInterceptor.testStepResult(StepInterceptor.java:134)
	at net.thucydides.core.steps.StepInterceptor.intercept(StepInterceptor.java:61)
	at com.serenity.steps.EndUserSteps$$EnhancerByCGLIB$$84d7085f.navigateTo(<generated>)
	at com.tests.SearchByKeywordTest.searching_by_keyword_apple_should_display_the_corresponding_article(SearchByKeywordTest.java:24)
	at sun.reflect.NativeMethodAccessorImpl.invoke0(Native Method)
	at sun.reflect.NativeMethodAccessorImpl.invoke(NativeMethodAccessorImpl.java:62)
	at sun.reflect.DelegatingMethodAccessorImpl.invoke(DelegatingMethodAccessorImpl.java:43)
	at java.lang.reflect.Method.invoke(Method.java:498)
	at org.junit.runners.model.FrameworkMethod$1.runReflectiveCall(FrameworkMethod.java:50)
	at org.junit.internal.runners.model.ReflectiveCallable.run(ReflectiveCallable.java:12)
	at org.junit.runners.model.FrameworkMethod.invokeExplosively(FrameworkMethod.java:47)
	at org.junit.internal.runners.statements.InvokeMethod.evaluate(InvokeMethod.java:17)
	at net.serenitybdd.junit.runners.SerenityStatement.evaluate(SerenityStatement.java:24)
	at org.junit.internal.runners.statements.RunBefores.evaluate(RunBefores.java:26)
	at org.junit.runners.ParentRunner.runLeaf(ParentRunner.java:325)
	at org.junit.runners.BlockJUnit4ClassRunner.runChild(BlockJUnit4ClassRunner.java:78)
	at net.serenitybdd.junit.runners.SerenityRunner.performRunChild(SerenityRunner.java:460)
	at net.serenitybdd.junit.runners.SerenityRunner.runChild(SerenityRunner.java:433)
	at net.serenitybdd.junit.runners.SerenityRunner.runChild(SerenityRunner.java:53)
	at org.junit.runners.ParentRunner$3.run(ParentRunner.java:290)
	at org.junit.runners.ParentRunner$1.schedule(ParentRunner.java:71)
	at org.junit.runners.ParentRunner.runChildren(ParentRunner.java:288)
	at org.junit.runners.ParentRunner.access$000(ParentRunner.java:58)
	at org.junit.runners.ParentRunner$2.evaluate(ParentRunner.java:268)
	at org.junit.runners.ParentRunner.run(ParentRunner.java:363)
	at net.serenitybdd.junit.runners.SerenityRunner.run(SerenityRunner.java:248)
	at org.apache.maven.surefire.junit4.JUnit4Provider.execute(JUnit4Provider.java:283)
	at org.apache.maven.surefire.junit4.JUnit4Provider.executeWithRerun(JUnit4Provider.java:173)
	at org.apache.maven.surefire.junit4.JUnit4Provider.executeTestSet(JUnit4Provider.java:153)
	at org.apache.maven.surefire.junit4.JUnit4Provider.invoke(JUnit4Provider.java:128)
	at org.apache.maven.surefire.booter.ForkedBooter.invokeProviderInSameClassLoader(ForkedBooter.java:203)
	at org.apache.maven.surefire.booter.ForkedBooter.runSuitesInProcess(ForkedBooter.java:155)
	at org.apache.maven.surefire.booter.ForkedBooter.main(ForkedBooter.java:103)
Caused by: java.lang.IllegalStateException: The path to the chromedriver driver executable must be set by the webdriver.chrome.driver system property; for more information, see https://sites.google.com/a/chromium.org/chromedriver/downloads. The latest version can be downloaded from https://sites.google.com/a/chromium.org/chromedriver/downloads
	at com.google.common.base.Preconditions.checkState(Preconditions.java:199)
	at net.serenitybdd.core.webdriver.servicepools.DriverServiceExecutable.checkForMissingBinaries(DriverServiceExecutable.java:106)
	at net.serenitybdd.core.webdriver.servicepools.DriverServiceExecutable.asAFile(DriverServiceExecutable.java:98)
	at net.serenitybdd.core.webdriver.servicepools.ChromeServicePool.chromeDriverExecutable(ChromeServicePool.java:44)
	at net.serenitybdd.core.webdriver.servicepools.ChromeServicePool.newDriverService(ChromeServicePool.java:25)
	at net.serenitybdd.core.webdriver.servicepools.ChromeServicePool.newDriverService(ChromeServicePool.java:12)
	at net.serenitybdd.core.webdriver.servicepools.DriverServicePool.driverServiceWithName(DriverServicePool.java:54)
	at net.serenitybdd.core.webdriver.servicepools.DriverServicePool.getDriverService(DriverServicePool.java:45)
	at net.serenitybdd.core.webdriver.servicepools.DriverServicePool.start(DriverServicePool.java:60)
	at net.serenitybdd.core.webdriver.servicepools.DriverServicePool.ensureServiceIsRunning(DriverServicePool.java:86)
	at net.serenitybdd.core.webdriver.driverproviders.ChromeDriverProvider.getDriverServicePool(ChromeDriverProvider.java:29)
	at net.serenitybdd.core.webdriver.driverproviders.ChromeDriverProvider.newInstance(ChromeDriverProvider.java:48)
	at net.thucydides.core.webdriver.WebDriverFactory.newWebdriverInstance(WebDriverFactory.java:125)
	... 46 more
]]></system-err>
  </testcase>
</testsuite>