<?xml version="1.0" encoding="UTF-8"?><testsuite errors="0" failures="0" name="com.tests.SearchByKeywordTest" skipped="1" tests="3" time="21.68" timestamp="2017-03-75 10:57:29"><testcase classname="com.tests.SearchByKeywordTest" name="Searching by keyword banana should display the corresponding article"/><testcase classname="com.tests.SearchByKeywordTest" name="Searching by ambiguious keyword should display the disambiguation page"><skipped/></testcase><testcase classname="com.tests.SearchByKeywordTest" name="Searching by keyword apple should display the corresponding article"/></testsuite>